Build started 30-05-2019 10:24:39 AM.
     1>Project "C:\C PROGRAMS\Zainab Noorain CG Project\Zainab Noorain CG Project\Zainab Noorain CG Project.vcxproj" on node 2 (build target(s)).
     1>InitializeBuildStatus:
         Creating "Debug\Zainab Noorain CG Project.unsuccessfulbuild" because "AlwaysCreate" was specified.
       ClCompile:
         c:\Program Files (x86)\Microsoft Visual Studio 10.0\VC\bin\CL.exe /c /ZI /nologo /W3 /WX- /Od /Oy- /D WIN32 /D _DEBUG /D _CONSOLE /D _UNICODE /D UNICODE /Gm /EHsc /RTC1 /MDd /GS /fp:precise /Zc:wchar_t /Zc:forScope /Fo"Debug\\" /Fd"Debug\vc100.pdb" /Gd /TP /analyze- /errorReport:prompt "Simulation of Ocean Tides.cpp"
         Simulation of Ocean Tides.cpp
       ManifestResourceCompile:
         All outputs are up-to-date.
       Link:
         c:\Program Files (x86)\Microsoft Visual Studio 10.0\VC\bin\link.exe /ERRORREPORT:PROMPT /OUT:"C:\C PROGRAMS\Zainab Noorain CG Project\Debug\Zainab Noorain CG Project.exe" /INCREMENTAL /NOLOGO kernel32.lib user32.lib gdi32.lib winspool.lib comdlg32.lib advapi32.lib shell32.lib ole32.lib oleaut32.lib uuid.lib odbc32.lib odbccp32.lib /MANIFEST /ManifestFile:"Debug\Zainab Noorain CG Project.exe.intermediate.manifest" /MANIFESTUAC:"level='asInvoker' uiAccess='false'" /DEBUG /PDB:"C:\C PROGRAMS\Zainab Noorain CG Project\Debug\Zainab Noorain CG Project.pdb" /SUBSYSTEM:CONSOLE /TLBID:1 /DYNAMICBASE /NXCOMPAT /IMPLIB:"C:\C PROGRAMS\Zainab Noorain CG Project\Debug\Zainab Noorain CG Project.lib" /MACHINE:X86 "Debug\Zainab Noorain CG Project.exe.embed.manifest.res"
         "Debug\Simulation of Ocean Tides.obj"
       Manifest:
         C:\Program Files (x86)\Microsoft SDKs\Windows\v7.0A\bin\mt.exe /nologo /verbose /out:"Debug\Zainab Noorain CG Project.exe.embed.manifest" /manifest "Debug\Zainab Noorain CG Project.exe.intermediate.manifest"
         All outputs are up-to-date.
       LinkEmbedManifest:
         All outputs are up-to-date.
         Zainab Noorain CG Project.vcxproj -> C:\C PROGRAMS\Zainab Noorain CG Project\Debug\Zainab Noorain CG Project.exe
       FinalizeBuildStatus:
         Deleting file "Debug\Zainab Noorain CG Project.unsuccessfulbuild".
         Touching "Debug\Zainab Noorain CG Project.lastbuildstate".
     1>Done Building Project "C:\C PROGRAMS\Zainab Noorain CG Project\Zainab Noorain CG Project\Zainab Noorain CG Project.vcxproj" (build target(s)).

Build succeeded.

Time Elapsed 00:00:02.06
